Using pre-set license
Built from '2022.3/staging' branch; Version is '2022.3.22f1 (887be4894c44) revision 8944612'; Using compiler version '192829333'; Build Type 'Release'
OS: 'Windows 11  (10.0.22631) 64bit CoreSingleLanguage' Language: 'en' Physical Memory: 15774 MB
BatchMode: 1, IsHumanControllingUs: 0, StartBugReporterOnCrash: 0, Is64bit: 1, IsPro: 1

COMMAND LINE ARGUMENTS:
C:\Program Files\Unity\Hub\Editor\2022.3.22f1\Editor\Unity.exe
-adb2
-batchMode
-noUpm
-name
AssetImportWorker4
-projectPath
C:/Personal/Projects/Unity/RogerDash
-logFile
Logs/AssetImportWorker4.log
-srvPort
53557
Successfully changed project path to: C:/Personal/Projects/Unity/RogerDash
C:/Personal/Projects/Unity/RogerDash
[UnityMemory] Configuration Parameters - Can be set up in boot.config
    "memorysetup-bucket-allocator-granularity=16"
    "memorysetup-bucket-allocator-bucket-count=8"
    "memorysetup-bucket-allocator-block-size=33554432"
    "memorysetup-bucket-allocator-block-count=8"
    "memorysetup-main-allocator-block-size=16777216"
    "memorysetup-thread-allocator-block-size=16777216"
    "memorysetup-gfx-main-allocator-block-size=16777216"
    "memorysetup-gfx-thread-allocator-block-size=16777216"
    "memorysetup-cache-allocator-block-size=4194304"
    "memorysetup-typetree-allocator-block-size=2097152"
    "memorysetup-profiler-bucket-allocator-granularity=16"
    "memorysetup-profiler-bucket-allocator-bucket-count=8"
    "memorysetup-profiler-bucket-allocator-block-size=33554432"
    "memorysetup-profiler-bucket-allocator-block-count=8"
    "memorysetup-profiler-allocator-block-size=16777216"
    "memorysetup-profiler-editor-allocator-block-size=1048576"
    "memorysetup-temp-allocator-size-main=16777216"
    "memorysetup-job-temp-allocator-block-size=2097152"
    "memorysetup-job-temp-allocator-block-size-background=1048576"
    "memorysetup-job-temp-allocator-reduction-small-platforms=262144"
    "memorysetup-allocator-temp-initial-block-size-main=262144"
    "memorysetup-allocator-temp-initial-block-size-worker=262144"
    "memorysetup-temp-allocator-size-background-worker=32768"
    "memorysetup-temp-allocator-size-job-worker=262144"
    "memorysetup-temp-allocator-size-preload-manager=33554432"
    "memorysetup-temp-allocator-size-nav-mesh-worker=65536"
    "memorysetup-temp-allocator-size-audio-worker=65536"
    "memorysetup-temp-allocator-size-cloud-worker=32768"
    "memorysetup-temp-allocator-size-gi-baking-worker=262144"
    "memorysetup-temp-allocator-size-gfx=262144"
Player connection [31968] Host "[IP] 10.65.240.88 [Port] 0 [Flags] 2 [Guid] 783639651 [EditorId] 783639651 [Version] 1048832 [Id] WindowsEditor(7,Mohit) [Debug] 1 [PackageName] WindowsEditor [ProjectName] Editor" joined multi-casting on [225.0.0.222:54997]...

Player connection [31968] Host "[IP] 10.65.240.88 [Port] 0 [Flags] 2 [Guid] 783639651 [EditorId] 783639651 [Version] 1048832 [Id] WindowsEditor(7,Mohit) [Debug] 1 [PackageName] WindowsEditor [ProjectName] Editor" joined alternative multi-casting on [225.0.0.222:34997]...

[Physics::Module] Initialized MultithreadedJobDispatcher with 15 workers.
Refreshing native plugins compatible for Editor in 99.25 ms, found 3 plugins.
Preloading 0 native plugins for Editor in 0.00 ms.
Initialize engine version: 2022.3.22f1 (887be4894c44)
[Subsystems] Discovering subsystems at path C:/Program Files/Unity/Hub/Editor/2022.3.22f1/Editor/Data/Resources/UnitySubsystems
[Subsystems] Discovering subsystems at path C:/Personal/Projects/Unity/RogerDash/Assets
GfxDevice: creating device client; threaded=0; jobified=0
Direct3D:
    Version:  Direct3D 11.0 [level 11.1]
    Renderer: AMD Radeon RX 6800M (ID=0x73df)
    Vendor:   ATI
    VRAM:     12242 MB
    Driver:   31.0.24019.1006
Initialize mono
Mono path[0] = 'C:/Program Files/Unity/Hub/Editor/2022.3.22f1/Editor/Data/Managed'
Mono path[1] = 'C:/Program Files/Unity/Hub/Editor/2022.3.22f1/Editor/Data/MonoBleedingEdge/lib/mono/unityjit-win32'
Mono config path = 'C:/Program Files/Unity/Hub/Editor/2022.3.22f1/Editor/Data/MonoBleedingEdge/etc'
Using monoOptions --debugger-agent=transport=dt_socket,embedding=1,server=y,suspend=n,address=127.0.0.1:56984
Begin MonoManager ReloadAssembly
Registering precompiled unity dll's ...
Register platform support module: C:/Program Files/Unity/Hub/Editor/2022.3.22f1/Editor/Data/PlaybackEngines/WebGLSupport/UnityEditor.WebGL.Extensions.dll
Register platform support module: C:/Program Files/Unity/Hub/Editor/2022.3.22f1/Editor/Data/PlaybackEngines/WindowsStandaloneSupport/UnityEditor.WindowsStandalone.Extensions.dll
Registered in 0.007646 seconds.
- Loaded All Assemblies, in  0.360 seconds
Native extension for WindowsStandalone target not found
Native extension for WebGL target not found
Mono: successfully reloaded assembly
- Finished resetting the current domain, in  0.232 seconds
Domain Reload Profiling: 590ms
	BeginReloadAssembly (144ms)
		ExecutionOrderSort (0ms)
		DisableScriptedObjects (0ms)
		BackupInstance (0ms)
		ReleaseScriptingObjects (0ms)
		CreateAndSetChildDomain (1ms)
	RebuildCommonClasses (29ms)
	RebuildNativeTypeToScriptingClass (9ms)
	initialDomainReloadingComplete (52ms)
	LoadAllAssembliesAndSetupDomain (125ms)
		LoadAssemblies (141ms)
		RebuildTransferFunctionScriptingTraits (0ms)
		AnalyzeDomain (123ms)
			TypeCache.Refresh (122ms)
				TypeCache.ScanAssembly (111ms)
			ScanForSourceGeneratedMonoScriptInfo (0ms)
			ResolveRequiredComponents (0ms)
	FinalizeReload (232ms)
		ReleaseScriptCaches (0ms)
		RebuildScriptCaches (0ms)
		SetupLoadedEditorAssemblies (185ms)
			LogAssemblyErrors (0ms)
			InitializePlatformSupportModulesInManaged (8ms)
			SetLoadedEditorAssemblies (4ms)
			RefreshPlugins (0ms)
			BeforeProcessingInitializeOnLoad (2ms)
			ProcessInitializeOnLoadAttributes (125ms)
			ProcessInitializeOnLoadMethodAttributes (45ms)
			AfterProcessingInitializeOnLoad (0ms)
			EditorAssembliesLoaded (0ms)
		ExecutionOrderSort2 (0ms)
		AwakeInstancesAfterBackupRestoration (0ms)
========================================================================
Worker process is ready to serve import requests
Begin MonoManager ReloadAssembly
- Loaded All Assemblies, in  0.558 seconds
Refreshing native plugins compatible for Editor in 2.83 ms, found 3 plugins.
Native extension for WindowsStandalone target not found
Native extension for WebGL target not found
Package Manager log level set to [2]
[Package Manager] Server::EnsureServerProcessIsRunning -- launch failed, reason: Unity was launched with the -noUpm command-line argument
[Package Manager] UpmClient::Send -- Unable to send message (not connected to UPM process).
[Package Manager] Cannot connect to Unity Package Manager local server
Mono: successfully reloaded assembly
- Finished resetting the current domain, in  0.500 seconds
Domain Reload Profiling: 1056ms
	BeginReloadAssembly (122ms)
		ExecutionOrderSort (0ms)
		DisableScriptedObjects (4ms)
		BackupInstance (0ms)
		ReleaseScriptingObjects (0ms)
		CreateAndSetChildDomain (19ms)
	RebuildCommonClasses (26ms)
	RebuildNativeTypeToScriptingClass (8ms)
	initialDomainReloadingComplete (36ms)
	LoadAllAssembliesAndSetupDomain (364ms)
		LoadAssemblies (303ms)
		RebuildTransferFunctionScriptingTraits (0ms)
		AnalyzeDomain (131ms)
			TypeCache.Refresh (114ms)
				TypeCache.ScanAssembly (104ms)
			ScanForSourceGeneratedMonoScriptInfo (11ms)
			ResolveRequiredComponents (4ms)
	FinalizeReload (501ms)
		ReleaseScriptCaches (0ms)
		RebuildScriptCaches (0ms)
		SetupLoadedEditorAssemblies (375ms)
			LogAssemblyErrors (0ms)
			InitializePlatformSupportModulesInManaged (6ms)
			SetLoadedEditorAssemblies (4ms)
			RefreshPlugins (0ms)
			BeforeProcessingInitializeOnLoad (55ms)
			ProcessInitializeOnLoadAttributes (288ms)
			ProcessInitializeOnLoadMethodAttributes (16ms)
			AfterProcessingInitializeOnLoad (6ms)
			EditorAssembliesLoaded (0ms)
		ExecutionOrderSort2 (0ms)
		AwakeInstancesAfterBackupRestoration (6ms)
Launched and connected shader compiler UnityShaderCompiler.exe after 0.05 seconds
Refreshing native plugins compatible for Editor in 2.85 ms, found 3 plugins.
Preloading 0 native plugins for Editor in 0.00 ms.
Unloading 3108 Unused Serialized files (Serialized files now loaded: 0)
Unloading 31 unused Assets / (29.7 KB). Loaded Objects now: 3579.
Memory consumption went from 126.4 MB to 126.4 MB.
Total: 2.688400 ms (FindLiveObjects: 0.234700 ms CreateObjectMapping: 0.095900 ms MarkObjects: 2.300100 ms  DeleteObjects: 0.056600 ms)

AssetImportParameters requested are different than current active one (requested -> active):
  custom:scripting/monoscript/fileName/CinemachineGroupComposerEditor.cs: 54a07f36704e77a685a5e7e8c8b2c216 -> 
  custom:scripting/monoscript/fileName/ThirdPersonFollowDistanceModifier.cs: dc16d5bf6298fce2d2d6aa91b5af587d -> 
  custom:scripting/monoscript/fileName/CinemachineConfinerEditor.cs: cc6c898a3390647ab91613c8a96de4b4 -> 
  custom:scripting/monoscript/fileName/MoveAimTarget.cs: 14839cdee7a2f6a0bba5895eb1f866f6 -> 
  custom:scripting/monoscript/fileName/CinemachineBlendDefinitionPropertyDrawer.cs: 7ae344d19d646b738f3c65294becf216 -> 
  custom:scripting/monoscript/fileName/CinemachineTrackedDollyEditor.cs: b4d6784c58752cea58aafd9a76ca4459 -> 
  custom:scripting/monoscript/fileName/CinemachineImpulseManager.cs: c34be3577a810e26fd0110c580799b88 -> 
  custom:scripting/monoscript/fileName/CinemachineSmoothPath.cs: c28db2688f35d70587b5f943431a010a -> 
  custom:scripting/monoscript/fileName/CinemachineStateDrivenCamera.cs: aea2468a7384be4ba6d1b043ccec135d -> 
  custom:container-demuxer-ogg: 62fdf1f143b41e24485cea50d1cbac27 -> 
  custom:scripting/monoscript/fileName/CinemachineBlenderSettings.cs: 9adcb80668a56be4cd8e31c1d3dc60ae -> 
  custom:scripting/monoscript/fileName/SignalSourceAsset.cs: f7ffd463dece56bad278f5a8d3ed7fc6 -> 
  custom:scripting/monoscript/fileName/CinemachineCore.cs: fe6c3be993819098833de1628bfd76b2 -> 
  custom:scripting/monoscript/fileName/CustomLockCameraY.cs: 570c9f78caa32b0ec9a6b4c669c8837d -> 
  custom:scripting/monoscript/fileName/CinemachineImpulseChannelPropertyDrawer.cs: 4b6390a17916751618e2a45cb8d47a80 -> 
  custom:scripting/monoscript/fileName/SerializedPropertyHelper.cs: b04ac165255e34bc2935ca9bf180e209 -> 
  custom:scripting/monoscript/fileName/CinemachineFramingTransposer.cs: 7943c9d436748359882d8f978cf86c91 -> 
  custom:scripting/monoscript/fileName/AxisState.cs: 1a494a66d8b9a58f4a6873f89bf5b094 -> 
  custom:scripting/monoscript/fileName/CinemachineClearShot.cs: 1da15f5c7903497ce3ae982ee4ee4779 -> 
  custom:scripting/monoscript/fileName/CinemachinePOVEditor.cs: 71db5a9242a182995b4ca15db516f628 -> 
  custom:scripting/monoscript/fileName/CinemachineMixer.cs: 2e36eb9e732dd7c8a32e8f83daebd6f4 -> 
  custom:scripting/monoscript/fileName/CinemachineConfiner.cs: 3813336c17662a5cb6b59ce5f1954254 -> 
  custom:scripting/monoscript/fileName/CharacterMovement.cs: 83f1cb2bb62396ce01547fe0e54e0005 -> 
  custom:scripting/monoscript/fileName/CinemachineBrain.cs: 365b4e0b6319f064062e97b8f8e32c8e -> 
  custom:scripting/monoscript/fileName/CinemachineImpulseDefinitionPropertyDrawer.cs: 1b2fc77b0a80a7e0e9045e0d44fb761c -> 
  custom:scripting/monoscript/fileName/SpawnInCircle.cs: f597e6a80b1096221f0b4ab81617492e -> 
  custom:scripting/monoscript/fileName/CinemachineColliderPrefs.cs: 47106451d4685409820905badf49b71f -> 
  custom:scripting/monoscript/fileName/CinemachineFollowZoom.cs: eb74e2e98d3dc4647324e113f34710ca -> 
  custom:scripting/monoscript/fileName/CinemachineDebug.cs: 3077ed3b64725184c652d4c07ac732fd -> 
  custom:scripting/monoscript/fileName/CinemachineLensPresets.cs: 014747fb0ab87178c677520d0bf20bf7 -> 
  custom:video-decoder-ogg-theora: a1e56fd34408186e4bbccfd4996cb3dc -> 
  custom:scripting/monoscript/fileName/CinemachineCameraOffset.cs: a6887f67d3eb83cc6393b822d4e65121 -> 
  custom:scripting/monoscript/fileName/ICinemachineCamera.cs: 2faad4f04eaf5d98c2870adbfb06184e -> 
  custom:scripting/monoscript/fileName/CinemachineShotPlayable.cs: e346ad1ecb4af45da55274cb9abd9ec0 -> 
  custom:scripting/monoscript/fileName/CinemachineTagFieldPropertyDrawer.cs: e78491a12decd558a49d01cc583bfcfb -> 
  custom:framework-win-MediaFoundation: 216162199b28c13a410421893ffa2e32 -> 
  custom:scripting/monoscript/fileName/CinemachineVolumeSettings.cs: 22782cc3dbf8dfd1cb54e8486f29fe0d -> 
  custom:scripting/monoscript/fileName/CinemachineImpulseSourceEditor.cs: 0ef7804c69c18838aa65e6d5bae5b055 -> 
  custom:scripting/monoscript/fileName/CinemachineExternalCameraEditor.cs: d74df442250b898c9b40669a19100e9d -> 
  custom:scripting/monoscript/fileName/ActivateCamOnPlay.cs: 2b4102248d5e619ead49c31a6f733c9e -> 
  custom:scripting/monoscript/fileName/InvokeEventFromInspector.cs: 999aa38a1d7ce980f9161f6014ecc868 -> 
  custom:scripting/monoscript/fileName/CinemachineTargetGroupEditor.cs: f70ac85df8c1c9bd0b83a35534bafd1f -> 
  custom:scripting/monoscript/fileName/CinemachineRecomposer.cs: 07354cca81f7d0775b027b5906330569 -> 
  custom:scripting/monoscript/fileName/CinemachineTransposer.cs: aa226dd144b3a977b86ea888b85df5fa -> 
  custom:scripting/monoscript/fileName/TargetPositionCache.cs: 49ce97e6930a536b43825141e0c2d3a4 -> 
  custom:scripting/monoscript/fileName/CharacterMovement2D.cs: b263f5fbe5db8b1f8fb2ee320322be81 -> 
  custom:scripting/monoscript/fileName/CinemachineExternalCamera.cs: d76122377115c288d881064c3f07a3f1 -> 
  custom:scripting/monoscript/fileName/ReflectionHelpers.cs: 60a5d38af3e775d0a421a7ff630d61cc -> 
  custom:scripting/monoscript/fileName/CinemachineVirtualCamera.cs: f16f2dc5bc1261579875c19605c45301 -> 
  custom:scripting/monoscript/fileName/Predictor.cs: d51584936cb5b31b30ee7b444e03385b -> 
  custom:scripting/monoscript/fileName/CinemachineOrbitalTransposerEditor.cs: 5ea2e4bec7ee6c24917bd86647f4bffa -> 
  custom:scripting/monoscript/fileName/CinemachineConfiner2DEditor.cs: 3f4b3d9b17ff5cd560135aa24f822994 -> 
  custom:scripting/monoscript/fileName/GroupWeightManipulator.cs: 588749cf3436a8199e762a8e09bc8de7 -> 
  custom:scripting/monoscript/fileName/AxisStatePropertyDrawer.cs: 2d807695a513641e771c78e6c342ff04 -> 
  custom:scripting/monoscript/fileName/CinemachineScreenComposerGuides.cs: cdc7ea02ccc4c8d1561d98d16760d1ca -> 
  custom:scripting/monoscript/fileName/CinemachinePropertyAttribute.cs: e8158d9725ac3a9129a08e46a4ff7519 -> 
  custom:scripting/monoscript/fileName/CinemachineVirtualCameraEditor.cs: 2e051d0c474634e907fe4123d6e2656e -> 
  custom:scripting/monoscript/fileName/CinemachineSettings.cs: 197f6d5ad32e253546b5afa056a5bba4 -> 
  custom:scripting/monoscript/fileName/InputSystemHelper.cs: 50e067dfcca86530e53bee7d7a345aa7 -> 
  custom:scripting/monoscript/fileName/CinemachineNoiseSettingsEditor.cs: 9056e69d9c759ba2504535054fff31c9 -> 
  custom:scripting/monoscript/fileName/CinemachineTriggerAction.cs: cab9c5d02c28af05797c2c3743539bdb -> 
  custom:scripting/monoscript/fileName/InspectorUtility.cs: d2444697ecf5f370ee1ff9969e9d66f8 -> 1cf92e4af45cb9e9886ec49564b001a9
  custom:CustomObjectIndexerAttribute: 9a22284fe3817be447336de3de66b15e -> 
  custom:scripting/monoscript/fileName/CinemachineBlenderSettingsEditor.cs: c57aa7de12bc3e7367ca091f4902c67b -> 
  custom:scripting/monoscript/fileName/CinemachineImpulseDefinition.cs: 3d434086a2bdaf715abf85e79e9f14b4 -> 
  custom:scripting/monoscript/fileName/Cinemachine3rdPersonFollowEditor.cs: f79aa162534f81c680877e6274b5d6ec -> 
  custom:scripting/monoscript/fileName/EmbeddedAssetPropertyDrawer.cs: fd7ebc18093de04c88d0cfc86fb060f5 -> 
  custom:container-demuxer-webm: 4f35f7cbe854078d1ac9338744f61a02 -> 
  custom:scripting/monoscript/fileName/ConfinerOven.cs: ff23c03e90b61beb34474fc6e4ff668c -> 
  custom:scripting/monoscript/fileName/WaveformWindow.cs: 01bbc4fc017d41a2bab7fb57c988e8da -> 
  custom:scripting/monoscript/fileName/CinemachinePipeline.cs: 6ca7a5979a0a73ea1d450a8fc9b437ef -> 
  custom:scripting/monoscript/fileName/VcamStageEditor.cs: 84b0eaf932b448975a99972628e556d8 -> 
  custom:scripting/monoscript/fileName/CinemachineFramingTransposerEditor.cs: 1653e1c00b2ca68b1d40f01e5bfb8445 -> 
  custom:scripting/monoscript/fileName/CinemachineStateDrivenCameraEditor.cs: 77d9f0a97385f936d9b4ffaa686bce39 -> 
  custom:scripting/monoscript/fileName/OrbitalTransposerHeadingPropertyDrawer.cs: 22496b76ce84f35f630c90badc4babd8 -> 
  custom:scripting/monoscript/fileName/PlayerMoveOnSphere.cs: c9a7eca186a20a4ba9a06f8a79673561 -> 
  custom:scripting/monoscript/fileName/CinemachinePathEditor.cs: ce10985fbf0e018e2dea63fedae131ba -> 
  custom:scripting/monoscript/fileName/CinemachineCollider.cs: 8fa92f525b1c31cd81812685d7f8c288 -> 
  custom:scripting/monoscript/fileName/CinemachineCollisionImpulseSourceEditor.cs: 29f9a522ec6b23375849ba08fd597c8d -> 
  custom:scripting/monoscript/fileName/CinemachineInputProvider.cs: ecb845de690695f08b3b3bb647cc7006 -> 
  custom:scripting/monoscript/fileName/CinemachineColliderEditor.cs: 859d1abbd669ee84cb713f6d4d0e1c5f -> 
  custom:scripting/monoscript/fileName/CinemachineExtension.cs: 6968db4afcdc301f6acb1ef4fbadb2f4 -> 
  custom:scripting/monoscript/fileName/CinemachineTargetGroup.cs: 10a09aa736b3a25da6dd9fc3c4dd9d36 -> 
  custom:scripting/monoscript/fileName/MouseScrollZoom2D.cs: ef68c86e7520ad824d47711d20e531c0 -> 
  custom:scripting/monoscript/fileName/EmbeddedAssetHelpers.cs: 90647cc400823b41df847a6cbfc29026 -> 
  custom:scripting/monoscript/fileName/CinemachineBlendListCamera.cs: 66104ac24fef171d9f5d5b93a8cb2f83 -> 
  custom:scripting/monoscript/fileName/CinemachineComponentBase.cs: 5293f153c13e9bd2fc262ec31ff69206 -> 
  custom:scripting/monoscript/fileName/BaseEditor.cs: 90647cc400823b41df847a6cbfc29026 -> 
  custom:scripting/monoscript/fileName/BossLookAt.cs: 490b4dc3b55245441ec589ccfd48ebba -> 
  custom:container-muxer-webm: aa71ff27fc2769a1b78a27578f13a17b -> 
  custom:video-decoder-webm-vp8: 9c59270c3fd7afecdb556c50c9e8de78 -> 
  custom:scripting/monoscript/fileName/CinemachineHardLookAt.cs: 792580aec23d39bcecd7ceea4c27a0ce -> 
  custom:scripting/monoscript/fileName/CinemachineInputAxisDriver.cs: 7e424e54660fed310c58dc98ea41042e -> 
  custom:scripting/monoscript/fileName/CinemachineStoryboardEditor.cs: 2e7ec8bfb72013eaaff4873a27da019c -> 
  custom:scripting/monoscript/fileName/CinemachineBasicMultiChannelPerlin.cs: bd5416e75860cd63657371207eb79058 -> 
  custom:SearchIndexIgnoredProperties: e643bd26f0fe6173181afceb89e7c659 -> 
  custom:AudioImporter_EditorPlatform: d09bf68614088b80899f8185d706f6e7 -> 
  custom:scripting/monoscript/fileName/TagChanger.cs: 8cb3bf85fcd3c292bcedf90e4c68d568 -> 
  custom:scripting/monoscript/fileName/CinemachineMixingCamera.cs: 739c5ceb76c01023f431794ec46a0177 -> 
  custom:scripting/monoscript/fileName/PlayerMovePhysics.cs: 18f5973ad97e8c8317eed63abd5feb9c -> 
  custom:scripting/monoscript/fileName/CinemachinePath.cs: b443d3c8837a65ddc3c78741cd58ec71 -> 
  custom:scripting/monoscript/fileName/ExampleHelpWindow.cs: d6af81e8fcc405e5fc952bc475413caf -> 
  custom:scripting/monoscript/fileName/CinemachineImpulseListenerEditor.cs: d5d28e418f87c111bce1c1b98f1f70ba -> 
  custom:scripting/monoscript/fileName/CinemachineDollyCart.cs: bbe9d07f4a2f7ee5ab002e66cb05f922 -> 
  custom:scripting/monoscript/fileName/CinemachineStoryboard.cs: 59a2099f76be9b47af1e12ed7d40f553 -> 
  custom:scripting/monoscript/fileName/CinemachinePixelPerfect.cs: 2f42bea4517739481ed2553d1616050e -> 
  custom:scripting/monoscript/fileName/ScriptingExample.cs: 94f699f0b69cdd2c8cf8925520f2b85f -> 
  custom:scripting/monoscript/fileName/CinemachineTrackedDolly.cs: f6a9c21b27ad86d45f62f6b444ccbb49 -> 
  custom:scripting/monoscript/fileName/CinemachineHardLookAtEditor.cs: 15b8f2af6a6d786898ce5dd6b0db26dc -> 
  custom:scripting/monoscript/fileName/CinemachineComposer.cs: e399dfd36807c341da7cd182ce299d1e -> 
  custom:scripting/monoscript/fileName/CinemachineTrack.cs: 4b50d47d507c57dc81b82253ec075194 -> 
  custom:scripting/monoscript/fileName/CinemachineSmoothPathEditor.cs: 7555bcba4eb760e012dd21c6730ae562 -> 
  custom:scripting/monoscript/fileName/ScriptableObjectUtility.cs: c529d074f6f57a07e3f410d488963bbc -> 
  custom:scripting/monoscript/fileName/CinemachineFadeOutNearbyObjects.cs: 4a3c4d074013eb1f9614f9100bbda78c -> 
  custom:scripting/monoscript/fileName/CinemachineOrbitalTransposer.cs: 71c52878ba6d43827473a480056a99da -> 
  custom:scripting/monoscript/fileName/CinemachinePathBase.cs: debb99764287c54cae06313e2d6a1fe1 -> 
  custom:scripting/monoscript/fileName/CinemachineImpulseSource.cs: ac073b8453e26c5dd422d5f1a90a7ff2 -> 
  custom:scripting/monoscript/fileName/CinemachineImpulseEnvelopePropertyDrawer.cs: 07e00c9c84964a5c7e4f3f19e4263ec1 -> 
  custom:scripting/monoscript/fileName/SplineHelpers.cs: 9e5bf4293b3828088291b7871e233a27 -> 
  custom:scripting/monoscript/fileName/CinemachineSameAsFollowTargetEditor.cs: 6def40fc1e39b3242347b6630fb5127e -> 
  custom:scripting/monoscript/fileName/SimpleElevator.cs: 0c2be9d7f25c15608651289cfd55234c -> 
  custom:scripting/monoscript/fileName/CinemachineBlendListCameraEditor.cs: dbc12d2a9f3e2999a067290c411b2aca -> 
  custom:scripting/monoscript/fileName/CinemachineShot.cs: 3d4d9d05534db20e82d871d98ea52716 -> 
  custom:scripting/monoscript/fileName/UnityVectorExtensions.cs: 052777772edecdffe26d41a6a989641e -> 
  custom:scripting/monoscript/fileName/CinemachineBasicMultiChannelPerlinEditor.cs: d6749cd6c482efa27bdd41f60394f1b9 -> 
  custom:scripting/monoscript/fileName/CinemachineImpulseChannels.cs: a9a39cc5ecea1f083db0fce154eec19c -> 
  custom:scripting/monoscript/fileName/CinemachineHardLockToTarget.cs: d349308c5b4f600a345055c394206f52 -> 
  custom:scripting/monoscript/fileName/CinemachineConfiner2D.cs: beb10be0db8ff9d3a94bd0a150963b9b -> 
  custom:scripting/monoscript/fileName/LensSettings.cs: 4335e899502c57ee4480b8c9aa915366 -> 
  custom:scripting/monoscript/fileName/Cinemachine3rdPersonAim.cs: 4bd230d915f070bb3cae23bef6f7ab70 -> 
  custom:scripting/monoscript/fileName/CinemachineImpulseListener.cs: 6aac146243d38e7a67346170caa40ea1 -> 
  custom:video-encoder-webm-vp8: eb34c28f22e8b96e1ab97ce403110664 -> 
  custom:scripting/monoscript/fileName/PointAtAimTarget.cs: af8c5b18897c0cecd7f447186f98a6d7 -> 
  custom:scripting/monoscript/fileName/CinemachineMenu.cs: 7b932811d9fa1e44d0d8b2b9ed75adf3 -> 
  custom:scripting/monoscript/fileName/RuntimeUtility.cs: 8c92a9f673836e5d2084dbeb0f10159f -> 
  custom:scripting/monoscript/fileName/CinemachineFreeLook.cs: bebc32b18bc4beddc113bad68624e557 -> 
  custom:audio-decoder-ogg-vorbis: bf7c407c2cedff20999df2af8eb42d56 -> 
  custom:scripting/monoscript/fileName/CinemachineGroupComposer.cs: 173a689a80ef321c302f9c045419668f -> 
  custom:scripting/monoscript/fileName/CinemachineVirtualCameraBase.cs: c7e60cccdcb14ee2a33da9fd46c1c54f -> 
  custom:scripting/monoscript/fileName/CinemachineFixedSignal.cs: aedcdca7a861da6e456e0ae105b24c41 -> 
  custom:scripting/monoscript/fileName/LoseSightWhenTargetsFallsOffThePlatform.cs: 8199a064b3aeea4d1b4962fe36ae6c62 -> 
  custom:scripting/monoscript/fileName/CinemachineShotClipEditor.cs: 123a48531bf1d1b4f3c8398556caec62 -> 
  custom:scripting/monoscript/fileName/CinemachineTouchInputMapper.cs: b9698729a07a7d31c864247e0582b566 -> 
  custom:scripting/monoscript/fileName/CinemachinePOV.cs: e4df06d1994174afa286b103eb06ee7f -> 
  custom:scripting/monoscript/fileName/CinemachineBlend.cs: f33659d50c4d86144d649aa7e8196529 -> 
  custom:scripting/monoscript/fileName/CinemachineFreeLookEditor.cs: 9641291977c1891a004ac4c4c259e1c8 -> 
  custom:scripting/monoscript/fileName/CinemachineTransposerEditor.cs: 85841a774ddea4fb7232a7a585f716b4 -> 
  custom:scripting/monoscript/fileName/clipper.cs: 2a50e35a835148907b3c1fa8e187ab2b -> 
  custom:scripting/monoscript/fileName/NoiseSettings.cs: 443d576e0c72ab62870476103c9384ec -> 
  custom:scripting/monoscript/fileName/GaussianFilter.cs: 0a3672ebe80edf7c5daca82445c15683 -> 
  custom:scripting/monoscript/fileName/CinemachineSceneTools.cs: d63880a6073ab3335301b115db235b5b -> 
  custom:scripting/monoscript/fileName/CinemachineTriggerActionEditor.cs: 2309a2ec6192ace4cae8bab5a535978e -> 
  custom:scripting/monoscript/fileName/VcamTargetPropertyDrawer.cs: 9208050b1312b118a226fef2d63e8fa1 -> 
  custom:scripting/monoscript/fileName/CinemachineCollisionImpulseSource.cs: 9aae5e368cb7786be199f98f2122f96d -> 
  custom:scripting/monoscript/fileName/CinemachineClearShotEditor.cs: ca8875b47e775cd361c78158d7923690 -> 
  custom:scripting/monoscript/fileName/CinemachineEditorAnalytics.cs: de76cc292d7ecedcf47af6616498c9f9 -> 
  custom:scripting/monoscript/fileName/ActivateCameraWithDistance.cs: 7fbecafbbf18e65b0eef2ac3bf18a76d -> 
  custom:scripting/monoscript/fileName/CameraMagnetTargetController.cs: 27811caac29e9c3d6cc6e050001e86c7 -> 
  custom:scripting/monoscript/fileName/NoiseSettingsPropertyDrawer.cs: 8d3f69ba7eeec63914970bd3136b6ace -> 
  custom:scripting/monoscript/fileName/CinemachineBrainEditor.cs: 49621d8b7679c0b5d128fef53d55becd -> 
  custom:scripting/monoscript/fileName/CinemachineShotEditor.cs: 2ba28b209a4ad7f0a791994d2360a9af -> 
  custom:scripting/monoscript/fileName/PlayerMovement.cs: 20df4bbf57d1f2a2b858e2a982b5d327 -> 
  custom:scripting/monoscript/fileName/PlayerLookAt.cs: b3872f9bdc024c30beff911fac6276ed -> 
  custom:scripting/monoscript/fileName/CameraMagnetProperty.cs: 75c0527028838e33d82089a51b11c86e -> 
  custom:scripting/monoscript/fileName/CinemachineHardLockToTargetEditor.cs: c65eaafd47115974a2a9379aae467b0e -> 
  custom:audio-encoder-webm-vorbis: bf7c407c2cedff20999df2af8eb42d56 -> 
  custom:scripting/monoscript/fileName/CameraState.cs: 6ae7088fa20820e052d1e4d86059e90b -> 
  custom:scripting/monoscript/fileName/CinemachineToolbarOverlay.cs: 09bda1968922559d07abc50ff10df86e -> 
  custom:scripting/monoscript/fileName/CinemachineIndependentImpulseListener.cs: 91ae8748b9c36955c333e57505ff90fb -> 
  custom:scripting/monoscript/fileName/CinemachineMixingCameraEditor.cs: 1c122a21d710512fec62cdc7bd351681 -> 
  custom:scripting/monoscript/fileName/CinemachinePostProcessing.cs: bf9b100a1b61fd5383288bc96487c194 -> 
  custom:scripting/monoscript/fileName/CinemachineSameAsFollowTarget.cs: bcfa2d394e1e5460b4ef3dc039214a16 -> 
  custom:scripting/monoscript/fileName/CinemachineVirtualCameraBaseEditor.cs: 13ee4931cd85df4b22852d0547b5e690 -> 
  custom:scripting/monoscript/fileName/UpdateTracker.cs: 3dac8a24a32a32e4bbfeb38ed26ef250 -> 
  custom:scripting/monoscript/fileName/ActivateOnKeypress.cs: c92842f46c063f575b3e860b1afeab11 -> 
  custom:scripting/monoscript/fileName/AimReticle.cs: eaa73fb61d299643581ce8032c8225fb -> 
  custom:scripting/monoscript/fileName/CinemachineComposerEditor.cs: dda533b9c6cb2b366292f584704bd904 -> 
  custom:scripting/monoscript/fileName/Cinemachine3rdPersonFollow.cs: 4600bac2bdf6b37d80e86f9aa5a413c3 -> 
  custom:scripting/monoscript/fileName/MixingCameraBlend.cs: 6bf54a5c857049995393e606ad650560 -> 
  custom:scripting/monoscript/fileName/CharacterMovementNoCamera.cs: 7f07321c5e8f67cd4a1670699b4a5ebb -> 
  custom:scripting/monoscript/fileName/PlayerMove.cs: 7faf2303e5e204d882446e740e898ba4 -> 
  custom:scripting/monoscript/fileName/SaveDuringPlay.cs: de39f1962b337699845d3d8a2e8f5bde -> 
========================================================================
Received Import Request.
  Time since last request: 98690.959912 seconds.
  path: Assets/Materials/Red.mat
  artifactKey: Guid(e7e7bf8cf807da14bbdda050a15d8aa9) Importer(815301076,1909f56bfc062723c751e8b465ee728b)
Start importing Assets/Materials/Red.mat using Guid(e7e7bf8cf807da14bbdda050a15d8aa9) Importer(815301076,1909f56bfc062723c751e8b465ee728b)  -> (artifact id: '8d4280b154e89e652465772314f2cb77') in 0.106958 seconds
Number of updated asset objects reloaded before import = 0
Number of asset objects unloaded after import = 1
========================================================================
Received Import Request.
  Time since last request: 4.303955 seconds.
  path: Assets/Materials/Green.mat
  artifactKey: Guid(67b3dc5c4cdff804fb8ef5658a7fbf4f) Importer(815301076,1909f56bfc062723c751e8b465ee728b)
Start importing Assets/Materials/Green.mat using Guid(67b3dc5c4cdff804fb8ef5658a7fbf4f) Importer(815301076,1909f56bfc062723c751e8b465ee728b)  -> (artifact id: '7d8dd2c5dd5772a74192f19e824f15e3') in 0.011175 seconds
Number of updated asset objects reloaded before import = 0
Number of asset objects unloaded after import = 1
========================================================================
Received Import Request.
  Time since last request: 53.726475 seconds.
  path: Assets/SkySeries Freebie/FreebieHdri/CosmicCoolCloudEQ_hdr.exr
  artifactKey: Guid(09999639e73bcd64abda22253af612d8) Importer(815301076,1909f56bfc062723c751e8b465ee728b)
Start importing Assets/SkySeries Freebie/FreebieHdri/CosmicCoolCloudEQ_hdr.exr using Guid(09999639e73bcd64abda22253af612d8) Importer(815301076,1909f56bfc062723c751e8b465ee728b)  -> (artifact id: '983333f618e83f3410bdbceb6a534c45') in 0.058529 seconds
Number of updated asset objects reloaded before import = 0
Number of asset objects unloaded after import = 1
========================================================================
Received Import Request.
  Time since last request: 1.834286 seconds.
  path: Assets/SkySeries Freebie/FreebieHdri/CoriolisNight4k.hdr
  artifactKey: Guid(354036e57ae357148aed267204ce73a7) Importer(815301076,1909f56bfc062723c751e8b465ee728b)
Start importing Assets/SkySeries Freebie/FreebieHdri/CoriolisNight4k.hdr using Guid(354036e57ae357148aed267204ce73a7) Importer(815301076,1909f56bfc062723c751e8b465ee728b)  -> (artifact id: 'ee7774a77eafe90123fc06b458b08199') in 0.052902 seconds
Number of updated asset objects reloaded before import = 0
Number of asset objects unloaded after import = 1
========================================================================
Received Import Request.
  Time since last request: 15.942231 seconds.
  path: Assets/SkySeries Freebie/Hdri setup.txt
  artifactKey: Guid(add36ebe5ee5af347a876cdf41d00709) Importer(815301076,1909f56bfc062723c751e8b465ee728b)
Start importing Assets/SkySeries Freebie/Hdri setup.txt using Guid(add36ebe5ee5af347a876cdf41d00709) Importer(815301076,1909f56bfc062723c751e8b465ee728b)  -> (artifact id: '4677fd15d180339d4816fb0cd27f1dc2') in 0.000895 seconds
Number of updated asset objects reloaded before import = 0
Number of asset objects unloaded after import = 1
========================================================================
Received Import Request.
  Time since last request: 43.226276 seconds.
  path: Assets/SkySeries Freebie/FreebieHdri/DayInTheClouds4k.hdr
  artifactKey: Guid(90196f2c2d8d2f2448717676e1a09894) Importer(815301076,1909f56bfc062723c751e8b465ee728b)
Start importing Assets/SkySeries Freebie/FreebieHdri/DayInTheClouds4k.hdr using Guid(90196f2c2d8d2f2448717676e1a09894) Importer(815301076,1909f56bfc062723c751e8b465ee728b)  -> (artifact id: 'b934791b65c34a24dde42698d1cf0a84') in 0.037701 seconds
Number of updated asset objects reloaded before import = 0
Number of asset objects unloaded after import = 1
========================================================================
Received Import Request.
  Time since last request: 88.410932 seconds.
  path: Assets/Skybox
  artifactKey: Guid(2189108942c50ce4ba6309c55169f192) Importer(815301076,1909f56bfc062723c751e8b465ee728b)
Start importing Assets/Skybox using Guid(2189108942c50ce4ba6309c55169f192) Importer(815301076,1909f56bfc062723c751e8b465ee728b)  -> (artifact id: '5f0a2a299bd84467d81ab99ced1c21b8') in 0.000500 seconds
Number of updated asset objects reloaded before import = 0
Number of asset objects unloaded after import = 0
========================================================================
Received Import Request.
  Time since last request: 64.032781 seconds.
  path: Assets/TextMesh Pro/Shaders/TMP_SDF-Mobile.shader
  artifactKey: Guid(fe393ace9b354375a9cb14cdbbc28be4) Importer(815301076,1909f56bfc062723c751e8b465ee728b)
Start importing Assets/TextMesh Pro/Shaders/TMP_SDF-Mobile.shader using Guid(fe393ace9b354375a9cb14cdbbc28be4) Importer(815301076,1909f56bfc062723c751e8b465ee728b)  -> (artifact id: '391b17e7359032a303614186ba1d7888') in 0.000991 seconds
Number of updated asset objects reloaded before import = 0
Number of asset objects unloaded after import = 0
========================================================================
Received Import Request.
  Time since last request: 0.009755 seconds.
  path: Assets/Scripts/Movement.cs
  artifactKey: Guid(f656456dda489fb4c99e281c77e07ec9) Importer(815301076,1909f56bfc062723c751e8b465ee728b)
Start importing Assets/Scripts/Movement.cs using Guid(f656456dda489fb4c99e281c77e07ec9) Importer(815301076,1909f56bfc062723c751e8b465ee728b)  -> (artifact id: '55c0fd5d25701cb00707b40c2bf8b34c') in 0.001269 seconds
Number of updated asset objects reloaded before import = 0
Number of asset objects unloaded after import = 0
========================================================================
Received Import Request.
  Time since last request: 0.017446 seconds.
  path: Assets/Prefab/Red CheckPoint.prefab
  artifactKey: Guid(34b6333793d367e4a84960caad5a1e26) Importer(815301076,1909f56bfc062723c751e8b465ee728b)
Start importing Assets/Prefab/Red CheckPoint.prefab using Guid(34b6333793d367e4a84960caad5a1e26) Importer(815301076,1909f56bfc062723c751e8b465ee728b)  -> (artifact id: '69a5bae06706c51e8d45aae5f1889007') in 0.033673 seconds
Number of updated asset objects reloaded before import = 0
Number of asset objects unloaded after import = 9
========================================================================
Received Import Request.
  Time since last request: 0.013388 seconds.
  path: Assets/Prefab/End CheckPoint.prefab
  artifactKey: Guid(18fe3e00d85ac4e458ac0cb191be7f82) Importer(815301076,1909f56bfc062723c751e8b465ee728b)
Start importing Assets/Prefab/End CheckPoint.prefab using Guid(18fe3e00d85ac4e458ac0cb191be7f82) Importer(815301076,1909f56bfc062723c751e8b465ee728b)  -> (artifact id: '557a8f166abcce91e677ec979309b78f') in 0.011717 seconds
Number of updated asset objects reloaded before import = 0
Number of asset objects unloaded after import = 9
========================================================================
Received Import Request.
  Time since last request: 0.013079 seconds.
  path: Assets/Scripts/CheckPoint.cs
  artifactKey: Guid(6af487ad878c2144f9d8a35dbf753a79) Importer(815301076,1909f56bfc062723c751e8b465ee728b)
Start importing Assets/Scripts/CheckPoint.cs using Guid(6af487ad878c2144f9d8a35dbf753a79) Importer(815301076,1909f56bfc062723c751e8b465ee728b)  -> (artifact id: '592c75b00ac44fb57bd97118d8329daa') in 0.000538 seconds
Number of updated asset objects reloaded before import = 0
Number of asset objects unloaded after import = 0
========================================================================
Received Import Request.
  Time since last request: 0.006045 seconds.
  path: Assets/TextMesh Pro/Shaders/TMPro_Properties.cginc
  artifactKey: Guid(3997e2241185407d80309a82f9148466) Importer(815301076,1909f56bfc062723c751e8b465ee728b)
Start importing Assets/TextMesh Pro/Shaders/TMPro_Properties.cginc using Guid(3997e2241185407d80309a82f9148466) Importer(815301076,1909f56bfc062723c751e8b465ee728b)  -> (artifact id: 'fb17b39ab37ff5c4a0c347358e9d790f') in 0.005274 seconds
Number of updated asset objects reloaded before import = 0
Number of asset objects unloaded after import = 1
========================================================================
Received Import Request.
  Time since last request: 0.017700 seconds.
  path: Assets/Prefab/Green CheckPoint.prefab
  artifactKey: Guid(eb5c74c5b2a561a429e03aabf043b853) Importer(815301076,1909f56bfc062723c751e8b465ee728b)
Start importing Assets/Prefab/Green CheckPoint.prefab using Guid(eb5c74c5b2a561a429e03aabf043b853) Importer(815301076,1909f56bfc062723c751e8b465ee728b)  -> (artifact id: 'a9d04f6bc1d8247750f40ca9d9973026') in 0.010732 seconds
Number of updated asset objects reloaded before import = 0
Number of asset objects unloaded after import = 9
